<?xml version="1.0" encoding="UTF-8"?>
<testsuites name="Selected tests" tests="2" failures="2" errors="2" time="10">
    <testsuite tests="1" failure="1" error="1" time="5" name="ProductName.xctest">
        <testsuite tests="1" failure="1" error="1" time="5" name="Feature2">
            <testcase classname="Feature2" name="Feature2-Test1" time="5">
                <failure type="Failure" message="Some general text message which may contain explanation for failure">
                    Full filename and even line number where test failed
                </failure>
                <error type="Error"/>
                <system-out>Full log from test execution goes here</system-out>
            </testcase>
        </testsuite>
        <testsuite tests="1" failure="1" error="1" time="5" name="Feature3">
            <testcase classname="Feature3" name="Feature3-Test2" time="5">
                <failure type="Failure" message="Some general text message which may contain explanation for failure">
                    Full filename and even line number where test failed
                </failure>
                <error type="Error"/>
                <system-out>Full log from test execution goes here</system-out>
            </testcase>
        </testsuite>
    </testsuite>
</testsuites>
